hash,type,name
25ec8a6078c9c8c0e0c65048ae4d4dea,import,%nin%
e71a9442d6120267b96d3c77e6635c4c,import,annot
16bf2da935ee145550dc02542504b805,target,annotated_mod_list
6ecdbb3490b23bbfc7f338ad9b2e338e,target,annotated_module_scores
1fe57e863a4f5644660d1e3e038295f6,target,annotated_module_scores_pivot
3937a710ba9f7fe2240f0d68901adac0,target,annotated_module_scores_with_cluster_class
27da6676842d6521979dca8609c154c0,target,annotated_module_stats_by_cluster
3ef19a1f664a451afdd743ba52f1611f,target,annotated_module_stats_by_disease
e9d0740b94c6fb33587ba14890dbda4b,target,annotated_modules
bb433936be1e9b66762eb7b26fbcad3a,target,annotation_info
5024db0a758e36f4d52a58dbd0b8edbe,import,banchereau_modules
d8aa5faeabd47cc0c1dcb6d18b04cfc1,import,BPPARAM
c695df5def7de3b80abdb25f10f909f7,import,c5
f9dc39b1a8f8cf1bfaa8b720290d319d,import,calc_sva
b44cc065b3e30524892897f6bd179458,target,chr_pal
02fc9ce85a5efd987a842a856cdc6f4a,target,cluster_pal
c3f08fce3a84fb4ff84cf8e1cff112a1,target,clusters
09f5a2de8c0f35f6f77f24ff1211effb,import,comparison_grouping_variable
3be45234d569bea3a8252269f2c9e8b5,target,comparison_pal
5976e8754a22642796eb55daa57ccd83,target,comparison_results_list
3215f8e46058f805b2571dcd216322ac,import,control_group
e83ea365a0e7075f7e6edaceb69f1572,target,counts
94adad72a7d583ac95ed81913fa2bf80,target,dds
3239da013cc1322dfe740687351a1b78,target,dds_filtered
fdd148ce0c0952d8594f0ea491b0d7a9,target,dds_import
ea1c084949c394013d109950e8a8b707,target,dds_processed
637e5ce39252dc9e3d48a4c6f4a72eef,target,dds_qc
4ece30b5e87db41a2e1492f01d6849ca,target,dds_with_scores
660d5258a88c663842df229ebe8cae3d,target,deg_class
9be09e29a35c812a6fa515b6f7b6ce28,target,deg_means
3cb18a95423306686c1986ee465422f2,target,degs
7ef95ec231bb7f2e82df8dfb6c1e2904,target,detected_viral_transcripts
fe0bffc18fde3c93151fac89f862f49a,target,disease_class_pal
61d8c785bd9a603f135a7df1ab7f3dfe,target,disp_plot
2e5f2d1ca718232e683a25b0fb2bff65,target,down_tables
f7efb5e8f7cd20a11c4c91671972ea27,import,drake_recode
8c60cfdbe507dc5ded4dabe4b79820b9,target,filtered_wgcna_module_genes
c1e93435ccd6873094b137dc551360c9,target,final_md
886d759dbe52f9537fc84c32be502025,import,find_softPower
4f8aa30ebe59e7dc24300152a2e1c636,target,group_pal
c0ab31348cc7d94fd019424e3a371dc1,import,grouped_add_xy_positions
c36b9fc53eb28a4ff435a13441d52073,import,ident_clusters
50b3cec3bcb224aa87d3e0adcae448d4,target,ifn_modules
49cee4a28d8edcb38f4aa2388b2d43bb,target,inflame_modules
12f176634a44f5fe11c10aa4bc2d3ebf,target,ISGs
0e13c4e29e2225a312d4c828dd4fb84f,import,ldg_modules
707c6077e9d6314aea4a8f067a7fd232,import,main_sample_list
c7b68bb2fdf8739355fd19e69c66a57d,import,main_sample_sheet
c32c62a91cb15d49256e503917b6b2be,target,md
3393de68724d72cf2ef8db3fb6f6839a,target,md_cat_data
fe3dca48cc209fb614e66a3a447d175d,target,MEenriched
07b319c5f0bdd89f568ab23f08a83e83,target,MEplotting
5695407bef21d8d261c01cabe20d937a,import,metadata_file
91745ced1ad12fb259849b636dee49fc,import,metasignature_module
9cbcb41e2ba13d9ae0c9744d89533bc5,import,module_annotation
b9b17501faf8958dd5deb2f0d202c4e7,target,module_cluster_rf_cv
6651fb54d1d4def900928d7e8c3567d4,target,module_cluster_rf_cv_varImp
b19a8ab9abfe4cb87861ea63fcf5a7d3,target,module_cluster_split
70e8c09c47b06bda94d0bccc8a9e5aee,target,module_cluster_test
b787c15dc30f3800d1fcbe575585d5aa,target,module_cluster_train
c5c0bb200d80cb2419f76f762447ddfd,target,module_disease_class_rf_cv
f3fec06c83c1d850d841ad672c92b6cf,target,module_disease_class_rf_cv_varImp
13f81091ef50223839e136cd1e84de02,target,module_disease_class_split
5421c208956fc632f415969a78373950,target,module_disease_class_test
c7a13d8a5a1a63eba30bf822cdeef86d,target,module_disease_class_train
c61055cf054df947fe8e870df8777745,target,module_ISGs
c3b41c276cb6d1d48cb19729d8b3d32b,target,module_scores
539a84ad875c7a0827a25e071b726a08,target,module_scores_with_md
295c7c13d1f83f5e810e69438b992d43,target,module_scores_with_viral
301055d0abf493eb7e5101aedd1bf02a,target,module_scores_with_viral_by_cluster
c2d4fad07257d38e43592f00ad27b885,target,module_scores_with_viral_by_cluster_stats
4050452a6bfa02e589b020a43787fddb,target,module_scores_with_viral_by_disease
53a88b9a23c2280eb3c01d095a6b2ac5,target,module_scores_with_viral_by_disease_stats
0fc6920f0bc12b4cc2f60f9548d34b3d,target,module_tbl
2021753cd376437a3168f0b54cfed49b,import,Matrix::rowMeans
51542c2dea612cea92471d98a758c771,import,Matrix::colMeans
ec16b69c036a9c0adc4a27ed82ba6714,import,genefilter::shorth
15939b6507634e8a2f2129242efc73a3,import,dplyr::filter
97f047d276a2e686ba155ad6f41c52af,import,dplyr::group_by
0b6b24b2589fc07ff8a33c88396ea193,import,dplyr::recode
05752da53526f445121308fbd1f1f820,import,dplyr::slice
56b165a5c33e054ae146a29b0153229f,import,dplyr::select
85b415adfe4d1fdd891ee1ee5cf8281a,import,irlba::prcomp_irlba
0fb7e2bb3d73d82f8ec4a588c63e1557,import,janitor::make_clean_names
319a94243638b460da2b427dd028f327,import,magrittr::extract
ad5080f71e35fae4ab3ff4722aeeb1a7,import,magrittr::extract2
d296457573b5191294eea7320e5a2143,import,purrr::discard
af85d8479765b1a9b13844ba0489dd01,import,purrr::keep
0bc8dc65544bf6e7d568a43c0b3b5bb8,import,parallelDist::parallelDist
5b39ab714a6d2fb1f26c08231fc69c23,target,non_project_controls
1937e7b7bc06d5dc1531976d1c355670,import,num_sva
c01f179e4b57ab8bd9de309e6d576c48,target,number_disease_classes
d9a48208f9c601fe01b225543cf8e15a,target,outlier_qc
51946f9e78e38dad77c442b38a13183a,import,file analysis/qc_report.rmd
b3babe080179be1765a6781ecb6da008,import,file analysis/report.rmd
0da97c4c5a8810ee19e1d7a75c8abdb8,target,file reports/osctr_qc_report.html
b986c8be04308fdade3dc26f73bb501d,target,file reports/osctr_qc_report.pdf
29062192b6d706b47b10a61ed7134103,target,file reports/osctr_report.html
1227ee26e5dbd0bfb6be0d82a1cf23bb,target,file reports/osctr_report.pdf
f24b495498bf8473ac9eaa8292cc70ab,target,file reports/qc_report.html
ed26283bf890a4afd84e1f825e345b15,target,file reports/report.html
55611e71b358a30158c61810ad802435,import,file {analysis_files}/qc_report.rmd
55611e71b358a30158c61810ad802435,import,file {analysis_files}/report.rmd
db8e490a925a60e62212cefc7674ca02,import,pc1_zscore_threshold
db8e490a925a60e62212cefc7674ca02,import,pc2_zscore_threshold
715ba894ab97a8fd2b2e13eee5fa9eb3,target,pca_qc
23e052ea320f256254d2df7e366a94af,target,pca_results
893fafcfa3372f7ea4cd0cc3b7592890,import,plot_dispersion_estimate
bac080bc11a86bad6b026f8751b959f6,import,project_groups_to_exclude
a64a3e8069ff5b962b22d684766bc75d,import,project_groups_to_include
5152ac13bdd09110d9ee9c169a3d9237,target,project_pal
185d112698f57c8907227b7624b14d93,target,pruned_samples
47318da3881a8d59e79412f7e6d6a091,target,qc_report
65b50f1381674f274281204863361210,target,qc_report_pdf
98510852e328f6f2c3950dd814aebe71,import,remove_outliers
b6f96640243d1b721aecd0a803058fc9,target,removed_outliers
fbe31c3ec952b89acdf833cfafd0c792,target,renamed_annotated_module_scores
ab8253ff51e77b7cd5da59ae3db5575a,target,report
ca915481ea5e73000e7e0b0542a0c68b,target,report_pdf
2e520620f960ed75238b121ba5845173,target,res
07311711ca673b4daf2acdb3c543b4e0,target,sample_cluster_info
6065fabf5f8726b83c4101c766a9d257,target,sample_dists
25bfe59a34a8e4376430b8e17382cf24,target,sampleDistMatrix
d3db2b02b8b14ffc880bcd8f0d997eaf,import,samples_to_manually_remove
56b165a5c33e054ae146a29b0153229f,import,select
ebda2af9bbb65da4877fa74082f030fe,import,seq_file_directory
eb2aa85c842aeab03b7f6ddecb0f1518,target,sex_pal
f0cfcb77e20bd80906f3e0a4b0221655,target,sft
a6d8c15cc4f75a4e4befe07e86a3706b,import,study_design
e139214e52b5501fa8b55e8c9b57e564,target,study_md
80791c913887a7011b56ee67260503b8,target,study_metadata
d30d875f744cf05a3e2219b5c3e8adf3,target,sva_graph_data
abe730d3b27dc34c7795f5402e108148,target,sva_res
ed3da57b2fb9a56669fbb7f70d9327dc,import,tirosh_score_modules
b829b7b95d4feeadc00b56c0631d51a2,target,top_vars
b82856255a2bd3c6340bdcfd1b62f776,target,tx_files
f305018c4a76d1530431467c9339584e,target,tx_sample_names
11aed5249355ac155cb4b055b8b4c6a4,target,type_pal
f5765416e7689947adf6a08724dbf58f,target,umap_results
24d2d96b288be6b016bd1d0f374cacfd,target,up_tables
61810d031c2bfd1b13e61121236c3de1,target,viral_exprs
e961193114aa54382c4948f91253caab,target,viral_transcripts
eb9c2690eacdad8cbbf7c0d53a5dfdb3,target,vsd
2f34715e68bbb81be5fb151f5462b0eb,target,vsd_exprs
c14fb6add740254f8f300898e1baa60e,target,vsd_top
c14fb6add740254f8f300898e1baa60e,target,vsd_top_float
1d73a1471102f7353c5a7748f3716f3b,target,wgcna_cluster_rf_cv
ea04d98c1835dda84cd444ea6db72874,target,wgcna_cluster_rf_cv_varImp
d87063f9d75a5aa6f3fb1b54d9c4099e,target,wgcna_cluster_split
7236d04bdc46ffe2f3dced84f89cc016,target,wgcna_cluster_test
9eb689d3ef06e2d7c06cba34b8bb4ebf,target,wgcna_cluster_train
3f806a4d839ecb54701c6f160b8c9ae9,target,wgcna_disease_class_rf_cv
06139e6af4033f321356df3ff5d39fb5,target,wgcna_disease_class_rf_cv_varImp
559eba1735cdcb45568b61a3c949d367,target,wgcna_disease_class_split
c17a13c350566f2914a9806b0b0c89a2,target,wgcna_disease_class_test
55c7c689c745e000bf7b6fadcfa944d5,target,wgcna_disease_class_train
56f702ce575e2007d02efbcdf06c4395,target,wgcna_module_genes
b08b1ef85337a5a6382b56ace81c19e5,target,wgcna_modules
4120b5ad6406487487d328cdd54e18dd,target,wgcna_scores
